[debug] [2020-09-14T11:33:33.059Z] ----------------------------------------------------------------------
[debug] [2020-09-14T11:33:33.063Z] Command:       C:\Program Files\nodejs\node.exe C:\Users\-\AppData\Roaming\npm\node_modules\firebase-tools\lib\bin\firebase.js login
[debug] [2020-09-14T11:33:33.063Z] CLI Version:   8.10.0
[debug] [2020-09-14T11:33:33.063Z] Platform:      win32
[debug] [2020-09-14T11:33:33.064Z] Node Version:  v12.13.1
[debug] [2020-09-14T11:33:33.065Z] Time:          Mon Sep 14 2020 18:33:33 GMT+0700 (Indochina Time)
[debug] [2020-09-14T11:33:33.066Z] ----------------------------------------------------------------------
[debug] [2020-09-14T11:33:33.066Z] 
[info] i  Firebase optionally collects CLI usage and error reporting information to help improve our products. Data is collected in accordance with Google's privacy policy (https://policies.google.com/privacy) and is not used to identify you.
 
[info] i  To change your data collection preference at any time, run `firebase logout` and log in again. 
[info] 
[info] Visit this URL on this device to log in:
[info] https://accounts.google.com/o/oauth2/auth?client_id=563584335869-fgrhgmd47bqnekij5i8b5pr03ho849e6.apps.googleusercontent.com&scope=email%20openid%20https%3A%2F%2Fwww.googleapis.com%2Fauth%2Fcloudplatformprojects.readonly%20https%3A%2F%2Fwww.googleapis.com%2Fauth%2Ffirebase%20https%3A%2F%2Fwww.googleapis.com%2Fauth%2Fcloud-platform&response_type=code&state=499700364&redirect_uri=http%3A%2F%2Flocalhost%3A9005
[info] 
[info] Waiting for authentication...
[debug] [2020-09-14T11:35:25.640Z] >>> HTTP REQUEST POST https://accounts.google.com/o/oauth2/token  
 {"code":"4/4AH6aj5sKFVTU-tIrhpwMqf_83K4lPfQwkOVHUuILcsHlZ8OfRmJ36JmqBHi6NpaFnykvlg_cRfwV0ZCmE1QBUY","client_id":"563584335869-fgrhgmd47bqnekij5i8b5pr03ho849e6.apps.googleusercontent.com","client_secret":"j9iVZfS8kkCEFUPaAeJV0sAi","redirect_uri":"http://localhost:9005","grant_type":"authorization_code"}
[debug] [2020-09-14T11:35:27.669Z] Token Fetch Error: FirebaseError: Server Error. tunneling socket could not be established, cause=connect ECONNREFUSED 127.0.0.1:80
    at Request._callback (C:\Users\-\AppData\Roaming\npm\node_modules\firebase-tools\lib\api.js:32:31)
    at self.callback (C:\Users\-\AppData\Roaming\npm\node_modules\firebase-tools\node_modules\request\request.js:185:22)
    at Request.emit (events.js:210:5)
    at Request.EventEmitter.emit (domain.js:475:20)
    at Request.onRequestError (C:\Users\-\AppData\Roaming\npm\node_modules\firebase-tools\node_modules\request\request.js:877:8)
    at ClientRequest.emit (events.js:210:5)
    at ClientRequest.EventEmitter.emit (domain.js:475:20)
    at ClientRequest.onError (C:\Users\-\AppData\Roaming\npm\node_modules\firebase-tools\node_modules\tunnel-agent\index.js:179:21)
    at Object.onceWrapper (events.js:300:26)
    at ClientRequest.emit (events.js:210:5)
    at ClientRequest.EventEmitter.emit (domain.js:475:20)
    at Socket.socketErrorListener (_http_client.js:406:9)
    at Socket.emit (events.js:210:5)
    at Socket.EventEmitter.emit (domain.js:475:20)
    at emitErrorNT (internal/streams/destroy.js:92:8)
    at emitErrorAndCloseNT (internal/streams/destroy.js:60:3)
[debug] [2020-09-14T11:35:52.698Z] ----------------------------------------------------------------------
[debug] [2020-09-14T11:35:52.702Z] Command:       C:\Program Files\nodejs\node.exe C:\Users\-\AppData\Roaming\npm\node_modules\firebase-tools\lib\bin\firebase.js login
[debug] [2020-09-14T11:35:52.703Z] CLI Version:   8.10.0
[debug] [2020-09-14T11:35:52.703Z] Platform:      win32
[debug] [2020-09-14T11:35:52.703Z] Node Version:  v12.13.1
[debug] [2020-09-14T11:35:52.705Z] Time:          Mon Sep 14 2020 18:35:52 GMT+0700 (Indochina Time)
[debug] [2020-09-14T11:35:52.706Z] ----------------------------------------------------------------------
[debug] [2020-09-14T11:35:52.706Z] 
[info] i  Firebase optionally collects CLI usage and error reporting information to help improve our products. Data is collected in accordance with Google's privacy policy (https://policies.google.com/privacy) and is not used to identify you.
 
[info] i  To change your data collection preference at any time, run `firebase logout` and log in again. 
[info] 
[info] Visit this URL on this device to log in:
[info] https://accounts.google.com/o/oauth2/auth?client_id=563584335869-fgrhgmd47bqnekij5i8b5pr03ho849e6.apps.googleusercontent.com&scope=email%20openid%20https%3A%2F%2Fwww.googleapis.com%2Fauth%2Fcloudplatformprojects.readonly%20https%3A%2F%2Fwww.googleapis.com%2Fauth%2Ffirebase%20https%3A%2F%2Fwww.googleapis.com%2Fauth%2Fcloud-platform&response_type=code&state=795740103&redirect_uri=http%3A%2F%2Flocalhost%3A9005
[info] 
[info] Waiting for authentication...
[debug] [2020-09-14T11:38:30.448Z] >>> HTTP REQUEST POST https://accounts.google.com/o/oauth2/token  
 {"code":"4/4AFNJfy4VUPDvisTjfjvYswuoRXakIv4FU807EYXKUF1My7aUy2xFvJ7nyZs3Hxm-FjjkNKkDGuJBiuOKQEvo5U","client_id":"563584335869-fgrhgmd47bqnekij5i8b5pr03ho849e6.apps.googleusercontent.com","client_secret":"j9iVZfS8kkCEFUPaAeJV0sAi","redirect_uri":"http://localhost:9005","grant_type":"authorization_code"}
[debug] [2020-09-14T11:38:32.470Z] Token Fetch Error: FirebaseError: Server Error. tunneling socket could not be established, cause=connect ECONNREFUSED 127.0.0.1:80
    at Request._callback (C:\Users\-\AppData\Roaming\npm\node_modules\firebase-tools\lib\api.js:32:31)
    at self.callback (C:\Users\-\AppData\Roaming\npm\node_modules\firebase-tools\node_modules\request\request.js:185:22)
    at Request.emit (events.js:210:5)
    at Request.EventEmitter.emit (domain.js:475:20)
    at Request.onRequestError (C:\Users\-\AppData\Roaming\npm\node_modules\firebase-tools\node_modules\request\request.js:877:8)
    at ClientRequest.emit (events.js:210:5)
    at ClientRequest.EventEmitter.emit (domain.js:475:20)
    at ClientRequest.onError (C:\Users\-\AppData\Roaming\npm\node_modules\firebase-tools\node_modules\tunnel-agent\index.js:179:21)
    at Object.onceWrapper (events.js:300:26)
    at ClientRequest.emit (events.js:210:5)
    at ClientRequest.EventEmitter.emit (domain.js:475:20)
    at Socket.socketErrorListener (_http_client.js:406:9)
    at Socket.emit (events.js:210:5)
    at Socket.EventEmitter.emit (domain.js:475:20)
    at emitErrorNT (internal/streams/destroy.js:92:8)
    at emitErrorAndCloseNT (internal/streams/destroy.js:60:3)
[debug] [2020-09-14T11:44:17.983Z] ----------------------------------------------------------------------
[debug] [2020-09-14T11:44:17.989Z] Command:       C:\Program Files\nodejs\node.exe C:\Users\-\AppData\Roaming\npm\node_modules\firebase-tools\lib\bin\firebase.js login
[debug] [2020-09-14T11:44:17.989Z] CLI Version:   8.10.0
[debug] [2020-09-14T11:44:17.989Z] Platform:      win32
[debug] [2020-09-14T11:44:17.990Z] Node Version:  v12.13.1
[debug] [2020-09-14T11:44:17.992Z] Time:          Mon Sep 14 2020 18:44:17 GMT+0700 (Indochina Time)
[debug] [2020-09-14T11:44:17.992Z] ----------------------------------------------------------------------
[debug] [2020-09-14T11:44:17.993Z] 
[info] i  Firebase optionally collects CLI usage and error reporting information to help improve our products. Data is collected in accordance with Google's privacy policy (https://policies.google.com/privacy) and is not used to identify you.
 
[info] 
[info] Visit this URL on this device to log in:
[info] https://accounts.google.com/o/oauth2/auth?client_id=563584335869-fgrhgmd47bqnekij5i8b5pr03ho849e6.apps.googleusercontent.com&scope=email%20openid%20https%3A%2F%2Fwww.googleapis.com%2Fauth%2Fcloudplatformprojects.readonly%20https%3A%2F%2Fwww.googleapis.com%2Fauth%2Ffirebase%20https%3A%2F%2Fwww.googleapis.com%2Fauth%2Fcloud-platform&response_type=code&state=806120187&redirect_uri=http%3A%2F%2Flocalhost%3A9005
[info] 
[info] Waiting for authentication...
[debug] [2020-09-14T11:46:52.775Z] >>> HTTP REQUEST POST https://accounts.google.com/o/oauth2/token  
 {"code":"4/4AFWxHXsaC7i5lHg1UQZtt6UkSNQ9E77GH0hbouC3F600hI6p77ylcEV_9UGQmd7J4PScnUe_UJQI-b2DKevOiA","client_id":"563584335869-fgrhgmd47bqnekij5i8b5pr03ho849e6.apps.googleusercontent.com","client_secret":"j9iVZfS8kkCEFUPaAeJV0sAi","redirect_uri":"http://localhost:9005","grant_type":"authorization_code"}
[debug] [2020-09-14T11:46:54.811Z] Token Fetch Error: FirebaseError: Server Error. tunneling socket could not be established, cause=connect ECONNREFUSED 127.0.0.1:80
    at Request._callback (C:\Users\-\AppData\Roaming\npm\node_modules\firebase-tools\lib\api.js:32:31)
    at self.callback (C:\Users\-\AppData\Roaming\npm\node_modules\firebase-tools\node_modules\request\request.js:185:22)
    at Request.emit (events.js:210:5)
    at Request.EventEmitter.emit (domain.js:475:20)
    at Request.onRequestError (C:\Users\-\AppData\Roaming\npm\node_modules\firebase-tools\node_modules\request\request.js:877:8)
    at ClientRequest.emit (events.js:210:5)
    at ClientRequest.EventEmitter.emit (domain.js:475:20)
    at ClientRequest.onError (C:\Users\-\AppData\Roaming\npm\node_modules\firebase-tools\node_modules\tunnel-agent\index.js:179:21)
    at Object.onceWrapper (events.js:300:26)
    at ClientRequest.emit (events.js:210:5)
    at ClientRequest.EventEmitter.emit (domain.js:475:20)
    at Socket.socketErrorListener (_http_client.js:406:9)
    at Socket.emit (events.js:210:5)
    at Socket.EventEmitter.emit (domain.js:475:20)
    at emitErrorNT (internal/streams/destroy.js:92:8)
    at emitErrorAndCloseNT (internal/streams/destroy.js:60:3)
